### ISSUE TITLE
Crash on homebrew loading

### ISSUE THREAD

**Issue by Mika-Westphal** [yuzu-emu/yuzu#2624]
Yuzu version: yuzu-master-5829ba1cc
Problem: I was simply trying to load a homebrew app and then it's crashed (Source code is attached). At this moment my app does nothing with the MMC of the Switch. [MMCToggler.zip](https://github.com/yuzu-emu/yuzu/files/3338475/MMCToggler.zip)
- System: Linux mint 19.1, x86_64, 8GB Ram, CPU i5-8265U, GPU i5-8265U-Chip

**Console Log**
 mika@mika-HP-Laptop-15-da1xxx:~/yuzu/build/bin$ ./yuzu
qt5ct: using qt5ct plugin
qt5ct: D-Bus global menu: no
QObject::connect: invalid null parameter
terminate called after throwing an instance of 'std::bad_alloc'
  what():  std::bad_alloc
Aborted (core dumped)

**GDB (PWNDBG) Output**
pwndbg> r
Starting program: /home/mika/yuzu/build/bin/yuzu 
[Thread debugging using libthread_db enabled]
Using host libthread_db library "/lib/x86_64-linux-gnu/libthread_db.so.1".
[New Thread 0x7fffe692e700 (LWP 29026)]
qt5ct: using qt5ct plugin
[New Thread 0x7fffdd077700 (LWP 29027)]
[New Thread 0x7fffdbb98700 (LWP 29028)]
qt5ct: D-Bus global menu: no
[New Thread 0x7fffdb109700 (LWP 29029)]
[New Thread 0x7fffd3ded700 (LWP 29030)]
[New Thread 0x7fffd30ea700 (LWP 29031)]
[New Thread 0x7fffd28e9700 (LWP 29032)]
[New Thread 0x7fffd1c21700 (LWP 29033)]
[New Thread 0x7fffd1386700 (LWP 29034)]
[Thread 0x7fffd1386700 (LWP 29034) exited]
QObject::connect: invalid null parameter
[New Thread 0x7fffd1386700 (LWP 29035)]
terminate called after throwing an instance of 'std::bad_alloc'
  what():  std::bad_alloc

Thread 11 "EmuThread" received signal SIGABRT, Aborted.
[Switching to Thread 0x7fffd1386700 (LWP 29035)]
__GI_raise (sig=sig@entry=6) at ../sysdeps/unix/sysv/linux/raise.c:51
51	../sysdeps/unix/sysv/linux/raise.c: No such file or directory.
LEGEND: STACK | HEAP | CODE | DATA | RWX | RODATA
────────────────────────────────────────────────────[ REGISTERS ]─────────────────────────────────────────────────────
 RAX  0x0
 RBX  0x7ffff5618ce2 ◂— jae    0x7ffff5618d58 /* 'std::bad_alloc' */
 RCX  0x7ffff4b74e97 (raise+199) ◂— mov    rcx, qword ptr [rsp + 0x108]
 RDX  0x0
 RDI  0x2
 RSI  0x7fffd13857c0 ◂— 0
 R8   0x0
 R9   0x7fffd13857c0 ◂— 0
 R10  0x8
 R11  0x246
 R12  0x7fffbc0074a0 —▸ 0x7fffbc00a130 —▸ 0x7fffbc00c390 —▸ 0x7fffbc0074c0 ◂— 0
 R13  0x7fffd1385b20 —▸ 0x7fffd1385b80 ◂— mov    word ptr [rdx], fs /* 0x780000000800628c */
 R14  0x7fffbc001940 —▸ 0x555556660268 —▸ 0x5555557e69e0 ◂— ret    
 R15  0xf7c00000
 RBP  0x5555566dc840 (stderr@@GLIBC_2.2.5) —▸ 0x7ffff4f22680 (_IO_2_1_stderr_) ◂— xchg   dword ptr [rax], ebp /* 0xfbad2887 */
 RSP  0x7fffd13857c0 ◂— 0
 RIP  0x7ffff4b74e97 (raise+199) ◂— mov    rcx, qword ptr [rsp + 0x108]
──────────────────────────────────────────────────────[ DISASM ]──────────────────────────────────────────────────────
 ► 0x7ffff4b74e97 <raise+199>    mov    rcx, qword ptr [rsp + 0x108] <0x7ffff4b74e97>
   0x7ffff4b74e9f <raise+207>    xor    rcx, qword ptr fs:[0x28]
   0x7ffff4b74ea8 <raise+216>    mov    eax, r8d
   0x7ffff4b74eab <raise+219>    jne    raise+252 <0x7ffff4b74ecc>
    ↓
   0x7ffff4b74ecc <raise+252>    call   __stack_chk_fail <0x7ffff4c6ac80>
 
   0x7ffff4b74ed1                nop    word ptr cs:[rax + rax]
   0x7ffff4b74edb                nop    dword ptr [rax + rax]
   0x7ffff4b74ee0 <killpg>       test   edi, edi
   0x7ffff4b74ee2 <killpg+2>     js     killpg+16 <0x7ffff4b74ef0>
 
   0x7ffff4b74ee4 <killpg+4>     neg    edi
   0x7ffff4b74ee6 <killpg+6>     jmp    kill <0x7ffff4b75180>
──────────────────────────────────────────────────────[ STACK ]───────────────────────────────────────────────────────
00:0000│ rsi r9 rsp  0x7fffd13857c0 ◂— 0
... ↓
02:0010│             0x7fffd13857d0 ◂— fimul  dword ptr [rbx] /* 0xebc0bda */
03:0018│             0x7fffd13857d8 ◂— 0
04:0020│             0x7fffd13857e0 ◂— add    byte ptr [rax], al /* 0x6552654200000000 */
05:0028│             0x7fffd13857e8 ◂— jae    0x7fffd138584f /* 0x2928746573; 'set()' */
06:0030│             0x7fffd13857f0 ◂— jae    0x7fffd1385866 /* 0x6461623a3a647473; 'std::bad_alloc' */
07:0038│             0x7fffd13857f8 ◂— pop    rdi /* 0x636f6c6c615f; '_alloc' */
────────────────────────────────────────────────────[ BACKTRACE ]─────────────────────────────────────────────────────
 ► f 0     7ffff4b74e97 raise+199
   f 1     7ffff4b76801 abort+321
   f 2     7ffff5569957
   f 3     7ffff556fab6
   f 4     7ffff556faf1
   f 5     7ffff556fd24
   f 6     7ffff557029c
   f 7     5555557f3fec
   f 8     5555558ecb5f
   f 9     5555558ef210
   f 10     7fff01392ab6
Program received signal SIGABRT
pwndbg> bt
#0  0x00007ffff4b74e97 in __GI_raise (sig=sig@entry=6) at ../sysdeps/unix/sysv/linux/raise.c:51
#1  0x00007ffff4b76801 in __GI_abort () at abort.c:79
#2  0x00007ffff5569957 in  () at /usr/lib/x86_64-linux-gnu/libstdc++.so.6
#3  0x00007ffff556fab6 in  () at /usr/lib/x86_64-linux-gnu/libstdc++.so.6
#4  0x00007ffff556faf1 in  () at /usr/lib/x86_64-linux-gnu/libstdc++.so.6
#5  0x00007ffff556fd24 in  () at /usr/lib/x86_64-linux-gnu/libstdc++.so.6
#6  0x00007ffff557029c in  () at /usr/lib/x86_64-linux-gnu/libstdc++.so.6
#7  0x00005555557f3fec in Kernel::VMManager::SetHeapSize(unsigned long) ()
#8  0x00005555558ecb5f in void Kernel::SvcWrap<&Kernel::SetHeapSize>(Core::System&) ()
#9  0x00005555558ef210 in Kernel::CallSVC(Core::System&, unsigned int) ()
#10 0x00007fff01392ab6 in  ()
#11 0x0000555557137c18 in  ()
#12 0x0000000000000001 in  ()
#13 0x0000000000000000 in  ()

**Comment by Hexagon12** [comment]
```
terminate called after throwing an instance of 'std::bad_alloc'
what(): std::bad_alloc

 in Kernel::VMManager::SetHeapSize(unsigned long) ()
```
You're possibly running out of system memory. What is your swap size?

**Comment by Mika-Westphal** [comment]
2GB

**Comment by ogniK5377** [comment]
The homebrew runs on Canary however we have a different issue with how text is displayed, that being said the error is usually caused due to not having enough system memory. You'll need to close a few applications, if you're still getting issues you'll need to upgrade your ram to have a higher amount.
<img width="1280" alt="2019-06-28_20-00-20641ef0-de2c-4d1f-8097-258f73a989e5-ed8c81dd" src="https://user-images.githubusercontent.com/25727384/60334783-9e0e3a00-99df-11e9-8ca4-ceec3d27ae4c.png">
